C:\Users\Asif\source\repos\DemoApp\DemoApp\Scripts\app.js
C:\Users\Asif\source\repos\DemoApp\DemoApp\Scripts\Controllers\hubService.js
C:\Users\Asif\source\repos\DemoApp\DemoApp\Scripts\Controllers\indexController.js
C:\Users\Asif\source\repos\DemoApp\DemoApp\Scripts\app.js
C:\Users\Asif\source\repos\DemoApp\DemoApp\Scripts\Controllers\hubService.js
C:\Users\Asif\source\repos\DemoApp\DemoApp\Scripts\Controllers\indexController.js
E:\AngularjsDemoApp\AngularJs_Demo\DemoApp\DemoApp\Scripts\app.js
E:\AngularjsDemoApp\AngularJs_Demo\DemoApp\DemoApp\Scripts\Controllers\hubService.js
E:\AngularjsDemoApp\AngularJs_Demo\DemoApp\DemoApp\Scripts\Controllers\indexController.js
E:\AngularjsDemoApp\AngularJs_Demo\DemoApp\DemoApp\Scripts\app.js
E:\AngularjsDemoApp\AngularJs_Demo\DemoApp\DemoApp\Scripts\Controllers\hubService.js
E:\AngularjsDemoApp\AngularJs_Demo\DemoApp\DemoApp\Scripts\Controllers\indexController.js
E:\AngularjsDemoApp\AngularJs_Demo\DemoApp\DemoApp\Scripts\app.js
E:\AngularjsDemoApp\AngularJs_Demo\DemoApp\DemoApp\Scripts\Controllers\hubService.js
E:\AngularjsDemoApp\AngularJs_Demo\DemoApp\DemoApp\Scripts\Controllers\indexController.js
E:\AngularjsDemoApp\AngularJs_Demo\DemoApp\DemoApp\Scripts\app.js
E:\AngularjsDemoApp\AngularJs_Demo\DemoApp\DemoApp\Scripts\Controllers\hubService.js
E:\AngularjsDemoApp\AngularJs_Demo\DemoApp\DemoApp\Scripts\Controllers\indexController.js
E:\AngularjsDemoApp\AngularJs_Demo\DemoApp\DemoApp\Scripts\app.js
E:\AngularjsDemoApp\AngularJs_Demo\DemoApp\DemoApp\Scripts\Controllers\hubService.js
E:\AngularjsDemoApp\AngularJs_Demo\DemoApp\DemoApp\Scripts\Controllers\indexController.js
C:\Users\Asif\Desktop\New folder\AngularJs_Demo\DemoApp\DemoApp\Scripts\app.js
C:\Users\Asif\Desktop\New folder\AngularJs_Demo\DemoApp\DemoApp\Scripts\Controllers\hubService.js
C:\Users\Asif\Desktop\New folder\AngularJs_Demo\DemoApp\DemoApp\Scripts\Controllers\indexController.js
C:\Users\Asif\Desktop\New folder\AngularJs_Demo\DemoApp\DemoApp\Scripts\app.js
C:\Users\Asif\Desktop\New folder\AngularJs_Demo\DemoApp\DemoApp\Scripts\Controllers\hubService.js
C:\Users\Asif\Desktop\New folder\AngularJs_Demo\DemoApp\DemoApp\Scripts\Controllers\indexController.js
C:\Users\Asif\Desktop\New folder\AngularJs_Demo\DemoApp\DemoApp\Scripts\app.js
C:\Users\Asif\Desktop\New folder\AngularJs_Demo\DemoApp\DemoApp\Scripts\Controllers\hubService.js
C:\Users\Asif\Desktop\New folder\AngularJs_Demo\DemoApp\DemoApp\Scripts\Controllers\indexController.js
